{"/Users/sunNode/WebstormProjects/e-commerce-platform/Mocha/add.js":{"path":"/Users/sunNode/WebstormProjects/e-commerce-platform/Mocha/add.js","s":{"1":1,"2":1,"3":1},"b":{},"f":{"1":1},"fnMap":{"1":{"name":"add","line":4,"loc":{"start":{"line":4,"column":0},"end":{"line":4,"column":19}}}},"statementMap":{"1":{"start":{"line":4,"column":0},"end":{"line":6,"column":1}},"2":{"start":{"line":5,"column":4},"end":{"line":5,"column":17}},"3":{"start":{"line":8,"column":0},"end":{"line":8,"column":21}}},"branchMap":{}},"/Users/sunNode/WebstormProjects/e-commerce-platform/Mocha/test-login.js":{"path":"/Users/sunNode/WebstormProjects/e-commerce-platform/Mocha/test-login.js","s":{"1":1,"2":1,"3":1,"4":1,"5":1,"6":1,"7":1,"8":0,"9":1,"10":1,"11":1,"12":1,"13":1,"14":0,"15":1,"16":1,"17":1,"18":1,"19":1,"20":0,"21":1,"22":1,"23":1,"24":1,"25":1,"26":0,"27":1,"28":1},"b":{"1":[0,1],"2":[0,1],"3":[0,1],"4":[0,1]},"f":{"1":1,"2":1,"3":1,"4":1,"5":1,"6":1,"7":1,"8":1,"9":1},"fnMap":{"1":{"name":"(anonymous_1)","line":9,"loc":{"start":{"line":9,"column":27},"end":{"line":9,"column":39}}},"2":{"name":"(anonymous_2)","line":10,"loc":{"start":{"line":10,"column":37},"end":{"line":10,"column":53}}},"3":{"name":"(anonymous_3)","line":15,"loc":{"start":{"line":15,"column":17},"end":{"line":15,"column":37}}},"4":{"name":"(anonymous_4)","line":22,"loc":{"start":{"line":22,"column":41},"end":{"line":22,"column":57}}},"5":{"name":"(anonymous_5)","line":27,"loc":{"start":{"line":27,"column":17},"end":{"line":27,"column":37}}},"6":{"name":"(anonymous_6)","line":35,"loc":{"start":{"line":35,"column":27},"end":{"line":35,"column":43}}},"7":{"name":"(anonymous_7)","line":40,"loc":{"start":{"line":40,"column":17},"end":{"line":40,"column":37}}},"8":{"name":"(anonymous_8)","line":47,"loc":{"start":{"line":47,"column":27},"end":{"line":47,"column":43}}},"9":{"name":"(anonymous_9)","line":53,"loc":{"start":{"line":53,"column":17},"end":{"line":53,"column":37}}}},"statementMap":{"1":{"start":{"line":6,"column":0},"end":{"line":6,"column":31}},"2":{"start":{"line":7,"column":0},"end":{"line":7,"column":28}},"3":{"start":{"line":8,"column":0},"end":{"line":8,"column":35}},"4":{"start":{"line":9,"column":0},"end":{"line":60,"column":3}},"5":{"start":{"line":10,"column":4},"end":{"line":20,"column":7}},"6":{"start":{"line":11,"column":8},"end":{"line":19,"column":15}},"7":{"start":{"line":16,"column":16},"end":{"line":16,"column":35}},"8":{"start":{"line":16,"column":25},"end":{"line":16,"column":35}},"9":{"start":{"line":17,"column":16},"end":{"line":17,"column":39}},"10":{"start":{"line":18,"column":16},"end":{"line":18,"column":23}},"11":{"start":{"line":22,"column":4},"end":{"line":32,"column":7}},"12":{"start":{"line":23,"column":8},"end":{"line":31,"column":15}},"13":{"start":{"line":28,"column":16},"end":{"line":28,"column":35}},"14":{"start":{"line":28,"column":25},"end":{"line":28,"column":35}},"15":{"start":{"line":29,"column":16},"end":{"line":29,"column":40}},"16":{"start":{"line":30,"column":16},"end":{"line":30,"column":23}},"17":{"start":{"line":35,"column":4},"end":{"line":45,"column":7}},"18":{"start":{"line":36,"column":8},"end":{"line":44,"column":14}},"19":{"start":{"line":41,"column":16},"end":{"line":41,"column":35}},"20":{"start":{"line":41,"column":25},"end":{"line":41,"column":35}},"21":{"start":{"line":42,"column":16},"end":{"line":42,"column":40}},"22":{"start":{"line":43,"column":16},"end":{"line":43,"column":23}},"23":{"start":{"line":47,"column":4},"end":{"line":58,"column":7}},"24":{"start":{"line":48,"column":8},"end":{"line":57,"column":14}},"25":{"start":{"line":54,"column":16},"end":{"line":54,"column":35}},"26":{"start":{"line":54,"column":25},"end":{"line":54,"column":35}},"27":{"start":{"line":55,"column":16},"end":{"line":55,"column":40}},"28":{"start":{"line":56,"column":16},"end":{"line":56,"column":23}}},"branchMap":{"1":{"line":16,"type":"if","locations":[{"start":{"line":16,"column":16},"end":{"line":16,"column":16}},{"start":{"line":16,"column":16},"end":{"line":16,"column":16}}]},"2":{"line":28,"type":"if","locations":[{"start":{"line":28,"column":16},"end":{"line":28,"column":16}},{"start":{"line":28,"column":16},"end":{"line":28,"column":16}}]},"3":{"line":41,"type":"if","locations":[{"start":{"line":41,"column":16},"end":{"line":41,"column":16}},{"start":{"line":41,"column":16},"end":{"line":41,"column":16}}]},"4":{"line":54,"type":"if","locations":[{"start":{"line":54,"column":16},"end":{"line":54,"column":16}},{"start":{"line":54,"column":16},"end":{"line":54,"column":16}}]}}},"/Users/sunNode/WebstormProjects/e-commerce-platform/app.js":{"path":"/Users/sunNode/WebstormProjects/e-commerce-platform/app.js","s":{"1":1,"2":1,"3":1,"4":1,"5":1,"6":1,"7":1,"8":1,"9":1,"10":1,"11":1,"12":1,"13":1,"14":1,"15":1,"16":1,"17":1,"18":1,"19":1,"20":1,"21":1,"22":1,"23":1,"24":1,"25":1,"26":1,"27":1,"28":0,"29":0,"30":0,"31":1,"32":1,"33":0,"34":0,"35":1,"36":0,"37":0,"38":1},"b":{"1":[1,0],"2":[0,0],"3":[0,0]},"f":{"1":0,"2":0,"3":0},"fnMap":{"1":{"name":"(anonymous_1)","line":38,"loc":{"start":{"line":38,"column":8},"end":{"line":38,"column":34}}},"2":{"name":"(anonymous_2)","line":49,"loc":{"start":{"line":49,"column":12},"end":{"line":49,"column":37}}},"3":{"name":"(anonymous_3)","line":60,"loc":{"start":{"line":60,"column":8},"end":{"line":60,"column":33}}}},"statementMap":{"1":{"start":{"line":1,"column":0},"end":{"line":1,"column":33}},"2":{"start":{"line":2,"column":0},"end":{"line":2,"column":27}},"3":{"start":{"line":3,"column":0},"end":{"line":3,"column":39}},"4":{"start":{"line":4,"column":0},"end":{"line":4,"column":31}},"5":{"start":{"line":5,"column":0},"end":{"line":5,"column":44}},"6":{"start":{"line":6,"column":0},"end":{"line":6,"column":40}},"7":{"start":{"line":7,"column":0},"end":{"line":7,"column":43}},"8":{"start":{"line":8,"column":0},"end":{"line":8,"column":43}},"9":{"start":{"line":9,"column":0},"end":{"line":9,"column":35}},"10":{"start":{"line":11,"column":0},"end":{"line":11,"column":39}},"11":{"start":{"line":12,"column":0},"end":{"line":12,"column":38}},"12":{"start":{"line":13,"column":0},"end":{"line":13,"column":39}},"13":{"start":{"line":15,"column":0},"end":{"line":15,"column":33}},"14":{"start":{"line":16,"column":0},"end":{"line":16,"column":39}},"15":{"start":{"line":18,"column":0},"end":{"line":18,"column":20}},"16":{"start":{"line":21,"column":0},"end":{"line":21,"column":48}},"17":{"start":{"line":22,"column":0},"end":{"line":22,"column":26}},"18":{"start":{"line":23,"column":0},"end":{"line":23,"column":30}},"19":{"start":{"line":27,"column":0},"end":{"line":27,"column":23}},"20":{"start":{"line":28,"column":0},"end":{"line":28,"column":27}},"21":{"start":{"line":29,"column":0},"end":{"line":29,"column":50}},"22":{"start":{"line":30,"column":0},"end":{"line":30,"column":24}},"23":{"start":{"line":31,"column":0},"end":{"line":31,"column":56}},"24":{"start":{"line":33,"column":0},"end":{"line":33,"column":21}},"25":{"start":{"line":34,"column":0},"end":{"line":34,"column":25}},"26":{"start":{"line":35,"column":0},"end":{"line":35,"column":26}},"27":{"start":{"line":38,"column":0},"end":{"line":42,"column":3}},"28":{"start":{"line":39,"column":4},"end":{"line":39,"column":37}},"29":{"start":{"line":40,"column":4},"end":{"line":40,"column":21}},"30":{"start":{"line":41,"column":4},"end":{"line":41,"column":14}},"31":{"start":{"line":48,"column":0},"end":{"line":56,"column":1}},"32":{"start":{"line":49,"column":4},"end":{"line":55,"column":7}},"33":{"start":{"line":50,"column":8},"end":{"line":50,"column":38}},"34":{"start":{"line":51,"column":8},"end":{"line":54,"column":11}},"35":{"start":{"line":60,"column":0},"end":{"line":66,"column":3}},"36":{"start":{"line":61,"column":4},"end":{"line":61,"column":34}},"37":{"start":{"line":62,"column":4},"end":{"line":65,"column":7}},"38":{"start":{"line":68,"column":0},"end":{"line":68,"column":21}}},"branchMap":{"1":{"line":48,"type":"if","locations":[{"start":{"line":48,"column":0},"end":{"line":48,"column":0}},{"start":{"line":48,"column":0},"end":{"line":48,"column":0}}]},"2":{"line":50,"type":"binary-expr","locations":[{"start":{"line":50,"column":19},"end":{"line":50,"column":29}},{"start":{"line":50,"column":33},"end":{"line":50,"column":36}}]},"3":{"line":61,"type":"binary-expr","locations":[{"start":{"line":61,"column":15},"end":{"line":61,"column":25}},{"start":{"line":61,"column":29},"end":{"line":61,"column":32}}]}}},"/Users/sunNode/WebstormProjects/e-commerce-platform/routes/index.js":{"path":"/Users/sunNode/WebstormProjects/e-commerce-platform/routes/index.js","s":{"1":1,"2":1,"3":1,"4":0,"5":1},"b":{},"f":{"1":0},"fnMap":{"1":{"name":"(anonymous_1)","line":5,"loc":{"start":{"line":5,"column":16},"end":{"line":5,"column":41}}}},"statementMap":{"1":{"start":{"line":1,"column":0},"end":{"line":1,"column":33}},"2":{"start":{"line":2,"column":0},"end":{"line":2,"column":30}},"3":{"start":{"line":5,"column":0},"end":{"line":7,"column":3}},"4":{"start":{"line":6,"column":2},"end":{"line":6,"column":44}},"5":{"start":{"line":9,"column":0},"end":{"line":9,"column":24}}},"branchMap":{}},"/Users/sunNode/WebstormProjects/e-commerce-platform/routes/users.js":{"path":"/Users/sunNode/WebstormProjects/e-commerce-platform/routes/users.js","s":{"1":1,"2":1,"3":1,"4":1,"5":1,"6":1,"7":1,"8":1,"9":1,"10":1,"11":0,"12":1,"13":0,"14":0,"15":0,"16":0,"17":0,"18":0,"19":0,"20":0,"21":0,"22":0,"23":0,"24":1},"b":{"1":[0,0],"2":[0,0]},"f":{"1":0,"2":0,"3":0},"fnMap":{"1":{"name":"(anonymous_1)","line":13,"loc":{"start":{"line":13,"column":16},"end":{"line":13,"column":42}}},"2":{"name":"(anonymous_2)","line":17,"loc":{"start":{"line":17,"column":29},"end":{"line":17,"column":55}}},"3":{"name":"(anonymous_3)","line":22,"loc":{"start":{"line":22,"column":25},"end":{"line":22,"column":48}}}},"statementMap":{"1":{"start":{"line":1,"column":0},"end":{"line":1,"column":33}},"2":{"start":{"line":2,"column":0},"end":{"line":2,"column":30}},"3":{"start":{"line":3,"column":0},"end":{"line":3,"column":43}},"4":{"start":{"line":4,"column":0},"end":{"line":4,"column":39}},"5":{"start":{"line":5,"column":0},"end":{"line":5,"column":23}},"6":{"start":{"line":6,"column":0},"end":{"line":6,"column":31}},"7":{"start":{"line":7,"column":0},"end":{"line":7,"column":35}},"8":{"start":{"line":10,"column":0},"end":{"line":10,"column":11}},"9":{"start":{"line":11,"column":0},"end":{"line":11,"column":11}},"10":{"start":{"line":13,"column":0},"end":{"line":15,"column":3}},"11":{"start":{"line":14,"column":4},"end":{"line":14,"column":40}},"12":{"start":{"line":17,"column":0},"end":{"line":41,"column":3}},"13":{"start":{"line":20,"column":4},"end":{"line":20,"column":67}},"14":{"start":{"line":21,"column":4},"end":{"line":21,"column":34}},"15":{"start":{"line":22,"column":4},"end":{"line":40,"column":7}},"16":{"start":{"line":24,"column":8},"end":{"line":27,"column":9}},"17":{"start":{"line":25,"column":12},"end":{"line":25,"column":29}},"18":{"start":{"line":28,"column":8},"end":{"line":39,"column":9}},"19":{"start":{"line":29,"column":12},"end":{"line":29,"column":68}},"20":{"start":{"line":30,"column":12},"end":{"line":30,"column":26}},"21":{"start":{"line":31,"column":12},"end":{"line":31,"column":71}},"22":{"start":{"line":33,"column":12},"end":{"line":33,"column":59}},"23":{"start":{"line":34,"column":12},"end":{"line":38,"column":15}},"24":{"start":{"line":42,"column":0},"end":{"line":42,"column":24}}},"branchMap":{"1":{"line":24,"type":"if","locations":[{"start":{"line":24,"column":8},"end":{"line":24,"column":8}},{"start":{"line":24,"column":8},"end":{"line":24,"column":8}}]},"2":{"line":28,"type":"if","locations":[{"start":{"line":28,"column":8},"end":{"line":28,"column":8}},{"start":{"line":28,"column":8},"end":{"line":28,"column":8}}]}}},"/Users/sunNode/WebstormProjects/e-commerce-platform/model/index.js":{"path":"/Users/sunNode/WebstormProjects/e-commerce-platform/model/index.js","s":{"1":1,"2":1,"3":1,"4":1},"b":{},"f":{"1":1},"fnMap":{"1":{"name":"(anonymous_1)","line":5,"loc":{"start":{"line":5,"column":67},"end":{"line":5,"column":80}}}},"statementMap":{"1":{"start":{"line":4,"column":0},"end":{"line":4,"column":34}},"2":{"start":{"line":5,"column":0},"end":{"line":5,"column":99}},"3":{"start":{"line":5,"column":81},"end":{"line":5,"column":97}},"4":{"start":{"line":7,"column":0},"end":{"line":7,"column":59}}},"branchMap":{}},"/Users/sunNode/WebstormProjects/e-commerce-platform/model/user.js":{"path":"/Users/sunNode/WebstormProjects/e-commerce-platform/model/user.js","s":{"1":1,"2":1,"3":1,"4":1,"5":1},"b":{},"f":{},"fnMap":{},"statementMap":{"1":{"start":{"line":4,"column":0},"end":{"line":4,"column":35}},"2":{"start":{"line":5,"column":0},"end":{"line":6,"column":31}},"3":{"start":{"line":7,"column":0},"end":{"line":7,"column":29}},"4":{"start":{"line":8,"column":0},"end":{"line":17,"column":2}},"5":{"start":{"line":19,"column":0},"end":{"line":19,"column":26}}},"branchMap":{}},"/Users/sunNode/WebstormProjects/e-commerce-platform/routes/admin.js":{"path":"/Users/sunNode/WebstormProjects/e-commerce-platform/routes/admin.js","s":{"1":1,"2":1,"3":1,"4":1,"5":1,"6":1,"7":1,"8":1,"9":1,"10":1,"11":1,"12":1,"13":1,"14":0,"15":0,"16":0,"17":0,"18":0,"19":0,"20":0,"21":0,"22":0,"23":0,"24":0,"25":0,"26":0,"27":0,"28":0,"29":0,"30":0,"31":0,"32":0,"33":0,"34":0,"35":0,"36":0,"37":0,"38":0,"39":0,"40":0,"41":0,"42":0,"43":0,"44":0,"45":0,"46":1,"47":1,"48":1,"49":1,"50":1,"51":0,"52":0,"53":0,"54":1,"55":0,"56":1,"57":2,"58":2,"59":2,"60":0,"61":2,"62":1,"63":1,"64":1,"65":1,"66":1,"67":1,"68":0,"69":0,"70":0,"71":1,"72":0,"73":1,"74":0,"75":0,"76":0,"77":0,"78":0,"79":0,"80":0,"81":0,"82":0,"83":0,"84":0,"85":0,"86":0,"87":0,"88":0,"89":0,"90":0,"91":0,"92":0,"93":0,"94":0,"95":0,"96":0,"97":0,"98":0,"99":1},"b":{"1":[0,0],"2":[0,0,0,0],"3":[0,0],"4":[0,0],"5":[0,2],"6":[1,1],"7":[0,0],"8":[0,0]},"f":{"1":0,"2":0,"3":1,"4":1,"5":0,"6":0,"7":2,"8":2,"9":0,"10":0,"11":0,"12":0,"13":0,"14":0,"15":0,"16":0,"17":0,"18":0},"fnMap":{"1":{"name":"(anonymous_1)","line":20,"loc":{"start":{"line":20,"column":25},"end":{"line":20,"column":45}}},"2":{"name":"(anonymous_2)","line":26,"loc":{"start":{"line":26,"column":20},"end":{"line":26,"column":50}}},"3":{"name":"(anonymous_3)","line":69,"loc":{"start":{"line":69,"column":16},"end":{"line":69,"column":36}}},"4":{"name":"(anonymous_4)","line":74,"loc":{"start":{"line":74,"column":26},"end":{"line":74,"column":46}}},"5":{"name":"(anonymous_5)","line":78,"loc":{"start":{"line":78,"column":17},"end":{"line":78,"column":43}}},"6":{"name":"(anonymous_6)","line":86,"loc":{"start":{"line":86,"column":28},"end":{"line":86,"column":54}}},"7":{"name":"(anonymous_7)","line":89,"loc":{"start":{"line":89,"column":29},"end":{"line":89,"column":55}}},"8":{"name":"(anonymous_8)","line":93,"loc":{"start":{"line":93,"column":25},"end":{"line":93,"column":48}}},"9":{"name":"(anonymous_9)","line":117,"loc":{"start":{"line":117,"column":23},"end":{"line":117,"column":49}}},"10":{"name":"md5","line":124,"loc":{"start":{"line":124,"column":0},"end":{"line":124,"column":19}}},"11":{"name":"(anonymous_11)","line":129,"loc":{"start":{"line":129,"column":23},"end":{"line":129,"column":49}}},"12":{"name":"(anonymous_12)","line":131,"loc":{"start":{"line":131,"column":13},"end":{"line":131,"column":36}}},"13":{"name":"(anonymous_13)","line":138,"loc":{"start":{"line":138,"column":39},"end":{"line":138,"column":63}}},"14":{"name":"(anonymous_14)","line":141,"loc":{"start":{"line":141,"column":37},"end":{"line":141,"column":52}}},"15":{"name":"(anonymous_15)","line":146,"loc":{"start":{"line":146,"column":35},"end":{"line":146,"column":52}}},"16":{"name":"(anonymous_16)","line":154,"loc":{"start":{"line":154,"column":34},"end":{"line":154,"column":46}}},"17":{"name":"(anonymous_17)","line":155,"loc":{"start":{"line":155,"column":66},"end":{"line":155,"column":81}}},"18":{"name":"(anonymous_18)","line":172,"loc":{"start":{"line":172,"column":44},"end":{"line":172,"column":68}}}},"statementMap":{"1":{"start":{"line":4,"column":0},"end":{"line":4,"column":33}},"2":{"start":{"line":5,"column":0},"end":{"line":5,"column":30}},"3":{"start":{"line":6,"column":0},"end":{"line":6,"column":43}},"4":{"start":{"line":7,"column":0},"end":{"line":7,"column":39}},"5":{"start":{"line":8,"column":0},"end":{"line":8,"column":23}},"6":{"start":{"line":9,"column":0},"end":{"line":9,"column":31}},"7":{"start":{"line":10,"column":0},"end":{"line":10,"column":35}},"8":{"start":{"line":11,"column":0},"end":{"line":11,"column":33}},"9":{"start":{"line":12,"column":0},"end":{"line":12,"column":39}},"10":{"start":{"line":13,"column":0},"end":{"line":13,"column":34}},"11":{"start":{"line":15,"column":0},"end":{"line":15,"column":11}},"12":{"start":{"line":16,"column":0},"end":{"line":16,"column":11}},"13":{"start":{"line":20,"column":0},"end":{"line":66,"column":3}},"14":{"start":{"line":21,"column":4},"end":{"line":21,"column":45}},"15":{"start":{"line":22,"column":4},"end":{"line":22,"column":28}},"16":{"start":{"line":23,"column":4},"end":{"line":23,"column":53}},"17":{"start":{"line":24,"column":4},"end":{"line":24,"column":31}},"18":{"start":{"line":25,"column":4},"end":{"line":25,"column":41}},"19":{"start":{"line":26,"column":4},"end":{"line":63,"column":7}},"20":{"start":{"line":28,"column":8},"end":{"line":32,"column":9}},"21":{"start":{"line":29,"column":12},"end":{"line":29,"column":35}},"22":{"start":{"line":30,"column":12},"end":{"line":30,"column":22}},"23":{"start":{"line":31,"column":12},"end":{"line":31,"column":19}},"24":{"start":{"line":34,"column":8},"end":{"line":34,"column":25}},"25":{"start":{"line":35,"column":8},"end":{"line":48,"column":9}},"26":{"start":{"line":37,"column":16},"end":{"line":37,"column":32}},"27":{"start":{"line":38,"column":16},"end":{"line":38,"column":22}},"28":{"start":{"line":40,"column":16},"end":{"line":40,"column":32}},"29":{"start":{"line":41,"column":16},"end":{"line":41,"column":22}},"30":{"start":{"line":43,"column":16},"end":{"line":43,"column":32}},"31":{"start":{"line":44,"column":16},"end":{"line":44,"column":22}},"32":{"start":{"line":46,"column":16},"end":{"line":46,"column":32}},"33":{"start":{"line":47,"column":16},"end":{"line":47,"column":22}},"34":{"start":{"line":50,"column":8},"end":{"line":54,"column":9}},"35":{"start":{"line":51,"column":12},"end":{"line":51,"column":48}},"36":{"start":{"line":52,"column":12},"end":{"line":52,"column":22}},"37":{"start":{"line":53,"column":12},"end":{"line":53,"column":19}},"38":{"start":{"line":56,"column":8},"end":{"line":56,"column":55}},"39":{"start":{"line":57,"column":8},"end":{"line":57,"column":50}},"40":{"start":{"line":58,"column":8},"end":{"line":58,"column":47}},"41":{"start":{"line":59,"column":8},"end":{"line":59,"column":27}},"42":{"start":{"line":60,"column":8},"end":{"line":60,"column":18}},"43":{"start":{"line":61,"column":8},"end":{"line":61,"column":30}},"44":{"start":{"line":62,"column":8},"end":{"line":62,"column":53}},"45":{"start":{"line":65,"column":4},"end":{"line":65,"column":32}},"46":{"start":{"line":69,"column":0},"end":{"line":71,"column":3}},"47":{"start":{"line":70,"column":4},"end":{"line":70,"column":51}},"48":{"start":{"line":74,"column":0},"end":{"line":76,"column":3}},"49":{"start":{"line":75,"column":4},"end":{"line":75,"column":51}},"50":{"start":{"line":78,"column":0},"end":{"line":83,"column":2}},"51":{"start":{"line":79,"column":4},"end":{"line":81,"column":5}},"52":{"start":{"line":80,"column":8},"end":{"line":80,"column":26}},"53":{"start":{"line":82,"column":4},"end":{"line":82,"column":11}},"54":{"start":{"line":86,"column":0},"end":{"line":88,"column":2}},"55":{"start":{"line":87,"column":4},"end":{"line":87,"column":23}},"56":{"start":{"line":89,"column":0},"end":{"line":113,"column":3}},"57":{"start":{"line":92,"column":4},"end":{"line":92,"column":67}},"58":{"start":{"line":93,"column":4},"end":{"line":112,"column":7}},"59":{"start":{"line":94,"column":8},"end":{"line":97,"column":9}},"60":{"start":{"line":95,"column":12},"end":{"line":95,"column":29}},"61":{"start":{"line":98,"column":8},"end":{"line":111,"column":9}},"62":{"start":{"line":99,"column":12},"end":{"line":99,"column":68}},"63":{"start":{"line":100,"column":12},"end":{"line":100,"column":26}},"64":{"start":{"line":101,"column":12},"end":{"line":101,"column":71}},"65":{"start":{"line":103,"column":12},"end":{"line":103,"column":59}},"66":{"start":{"line":109,"column":12},"end":{"line":109,"column":37}},"67":{"start":{"line":117,"column":0},"end":{"line":122,"column":3}},"68":{"start":{"line":118,"column":4},"end":{"line":118,"column":39}},"69":{"start":{"line":120,"column":4},"end":{"line":120,"column":55}},"70":{"start":{"line":121,"column":4},"end":{"line":121,"column":30}},"71":{"start":{"line":124,"column":0},"end":{"line":126,"column":1}},"72":{"start":{"line":125,"column":4},"end":{"line":125,"column":63}},"73":{"start":{"line":129,"column":0},"end":{"line":186,"column":3}},"74":{"start":{"line":130,"column":4},"end":{"line":185,"column":11}},"75":{"start":{"line":132,"column":12},"end":{"line":134,"column":13}},"76":{"start":{"line":133,"column":16},"end":{"line":133,"column":33}},"77":{"start":{"line":135,"column":12},"end":{"line":135,"column":46}},"78":{"start":{"line":136,"column":12},"end":{"line":136,"column":27}},"79":{"start":{"line":137,"column":12},"end":{"line":137,"column":30}},"80":{"start":{"line":138,"column":12},"end":{"line":169,"column":15}},"81":{"start":{"line":139,"column":16},"end":{"line":139,"column":58}},"82":{"start":{"line":141,"column":16},"end":{"line":162,"column":19}},"83":{"start":{"line":142,"column":20},"end":{"line":142,"column":37}},"84":{"start":{"line":144,"column":20},"end":{"line":144,"column":46}},"85":{"start":{"line":146,"column":20},"end":{"line":148,"column":23}},"86":{"start":{"line":147,"column":24},"end":{"line":147,"column":41}},"87":{"start":{"line":150,"column":20},"end":{"line":150,"column":45}},"88":{"start":{"line":152,"column":20},"end":{"line":152,"column":127}},"89":{"start":{"line":154,"column":20},"end":{"line":161,"column":23}},"90":{"start":{"line":155,"column":24},"end":{"line":160,"column":27}},"91":{"start":{"line":156,"column":28},"end":{"line":158,"column":29}},"92":{"start":{"line":157,"column":32},"end":{"line":157,"column":57}},"93":{"start":{"line":159,"column":28},"end":{"line":159,"column":56}},"94":{"start":{"line":164,"column":16},"end":{"line":168,"column":18}},"95":{"start":{"line":172,"column":12},"end":{"line":177,"column":15}},"96":{"start":{"line":173,"column":16},"end":{"line":176,"column":18}},"97":{"start":{"line":179,"column":12},"end":{"line":182,"column":13}},"98":{"start":{"line":184,"column":12},"end":{"line":184,"column":31}},"99":{"start":{"line":189,"column":0},"end":{"line":189,"column":24}}},"branchMap":{"1":{"line":28,"type":"if","locations":[{"start":{"line":28,"column":8},"end":{"line":28,"column":8}},{"start":{"line":28,"column":8},"end":{"line":28,"column":8}}]},"2":{"line":35,"type":"switch","locations":[{"start":{"line":36,"column":12},"end":{"line":38,"column":22}},{"start":{"line":39,"column":12},"end":{"line":41,"column":22}},{"start":{"line":42,"column":12},"end":{"line":44,"column":22}},{"start":{"line":45,"column":12},"end":{"line":47,"column":22}}]},"3":{"line":50,"type":"if","locations":[{"start":{"line":50,"column":8},"end":{"line":50,"column":8}},{"start":{"line":50,"column":8},"end":{"line":50,"column":8}}]},"4":{"line":79,"type":"if","locations":[{"start":{"line":79,"column":4},"end":{"line":79,"column":4}},{"start":{"line":79,"column":4},"end":{"line":79,"column":4}}]},"5":{"line":94,"type":"if","locations":[{"start":{"line":94,"column":8},"end":{"line":94,"column":8}},{"start":{"line":94,"column":8},"end":{"line":94,"column":8}}]},"6":{"line":98,"type":"if","locations":[{"start":{"line":98,"column":8},"end":{"line":98,"column":8}},{"start":{"line":98,"column":8},"end":{"line":98,"column":8}}]},"7":{"line":132,"type":"if","locations":[{"start":{"line":132,"column":12},"end":{"line":132,"column":12}},{"start":{"line":132,"column":12},"end":{"line":132,"column":12}}]},"8":{"line":156,"type":"if","locations":[{"start":{"line":156,"column":28},"end":{"line":156,"column":28}},{"start":{"line":156,"column":28},"end":{"line":156,"column":28}}]}}},"/Users/sunNode/WebstormProjects/e-commerce-platform/Mocha/test.js":{"path":"/Users/sunNode/WebstormProjects/e-commerce-platform/Mocha/test.js","s":{"1":1,"2":1,"3":1,"4":1,"5":1},"b":{},"f":{"1":1,"2":1},"fnMap":{"1":{"name":"(anonymous_1)","line":9,"loc":{"start":{"line":9,"column":20},"end":{"line":9,"column":32}}},"2":{"name":"(anonymous_2)","line":10,"loc":{"start":{"line":10,"column":23},"end":{"line":10,"column":35}}}},"statementMap":{"1":{"start":{"line":5,"column":0},"end":{"line":5,"column":36}},"2":{"start":{"line":6,"column":0},"end":{"line":6,"column":27}},"3":{"start":{"line":9,"column":0},"end":{"line":13,"column":3}},"4":{"start":{"line":10,"column":4},"end":{"line":12,"column":7}},"5":{"start":{"line":11,"column":8},"end":{"line":11,"column":41}}},"branchMap":{}}}