TN:
SF:/Users/sunNode/WebstormProjects/e-commerce-platform/Mocha/add.js
FN:4,add
FNF:1
FNH:1
FNDA:1,add
DA:4,1
DA:5,1
DA:8,1
LF:3
LH:3
BRF:0
BRH:0
end_of_record
TN:
SF:/Users/sunNode/WebstormProjects/e-commerce-platform/Mocha/test-login.js
FN:9,(anonymous_1)
FN:10,(anonymous_2)
FN:15,(anonymous_3)
FN:22,(anonymous_4)
FN:27,(anonymous_5)
FN:35,(anonymous_6)
FN:40,(anonymous_7)
FN:47,(anonymous_8)
FN:53,(anonymous_9)
FNF:9
FNH:9
FNDA:1,(anonymous_1)
FNDA:1,(anonymous_2)
FNDA:1,(anonymous_3)
FNDA:1,(anonymous_4)
FNDA:1,(anonymous_5)
FNDA:1,(anonymous_6)
FNDA:1,(anonymous_7)
FNDA:1,(anonymous_8)
FNDA:1,(anonymous_9)
DA:6,1
DA:7,1
DA:8,1
DA:9,1
DA:10,1
DA:11,1
DA:16,1
DA:17,1
DA:18,1
DA:22,1
DA:23,1
DA:28,1
DA:29,1
DA:30,1
DA:35,1
DA:36,1
DA:41,1
DA:42,1
DA:43,1
DA:47,1
DA:48,1
DA:54,1
DA:55,1
DA:56,1
LF:24
LH:24
BRDA:16,1,0,0
BRDA:16,1,1,1
BRDA:28,2,0,0
BRDA:28,2,1,1
BRDA:41,3,0,0
BRDA:41,3,1,1
BRDA:54,4,0,0
BRDA:54,4,1,1
BRF:8
BRH:4
end_of_record
TN:
SF:/Users/sunNode/WebstormProjects/e-commerce-platform/app.js
FN:38,(anonymous_1)
FN:49,(anonymous_2)
FN:60,(anonymous_3)
FNF:3
FNH:0
FNDA:0,(anonymous_1)
FNDA:0,(anonymous_2)
FNDA:0,(anonymous_3)
DA:1,1
DA:2,1
DA:3,1
DA:4,1
DA:5,1
DA:6,1
DA:7,1
DA:8,1
DA:9,1
DA:11,1
DA:12,1
DA:13,1
DA:15,1
DA:16,1
DA:18,1
DA:21,1
DA:22,1
DA:23,1
DA:27,1
DA:28,1
DA:29,1
DA:30,1
DA:31,1
DA:33,1
DA:34,1
DA:35,1
DA:38,1
DA:39,0
DA:40,0
DA:41,0
DA:48,1
DA:49,1
DA:50,0
DA:51,0
DA:60,1
DA:61,0
DA:62,0
DA:68,1
LF:38
LH:31
BRDA:48,1,0,1
BRDA:48,1,1,0
BRDA:50,2,0,0
BRDA:50,2,1,0
BRDA:61,3,0,0
BRDA:61,3,1,0
BRF:6
BRH:1
end_of_record
TN:
SF:/Users/sunNode/WebstormProjects/e-commerce-platform/routes/index.js
FN:5,(anonymous_1)
FNF:1
FNH:0
FNDA:0,(anonymous_1)
DA:1,1
DA:2,1
DA:5,1
DA:6,0
DA:9,1
LF:5
LH:4
BRF:0
BRH:0
end_of_record
TN:
SF:/Users/sunNode/WebstormProjects/e-commerce-platform/routes/users.js
FN:13,(anonymous_1)
FN:17,(anonymous_2)
FN:22,(anonymous_3)
FNF:3
FNH:0
FNDA:0,(anonymous_1)
FNDA:0,(anonymous_2)
FNDA:0,(anonymous_3)
DA:1,1
DA:2,1
DA:3,1
DA:4,1
DA:5,1
DA:6,1
DA:7,1
DA:10,1
DA:11,1
DA:13,1
DA:14,0
DA:17,1
DA:20,0
DA:21,0
DA:22,0
DA:24,0
DA:25,0
DA:28,0
DA:29,0
DA:30,0
DA:31,0
DA:33,0
DA:34,0
DA:42,1
LF:24
LH:12
BRDA:24,1,0,0
BRDA:24,1,1,0
BRDA:28,2,0,0
BRDA:28,2,1,0
BRF:4
BRH:0
end_of_record
TN:
SF:/Users/sunNode/WebstormProjects/e-commerce-platform/model/index.js
FN:5,(anonymous_1)
FNF:1
FNH:1
FNDA:1,(anonymous_1)
DA:4,1
DA:5,1
DA:7,1
LF:3
LH:3
BRF:0
BRH:0
end_of_record
TN:
SF:/Users/sunNode/WebstormProjects/e-commerce-platform/model/user.js
FNF:0
FNH:0
DA:4,1
DA:5,1
DA:7,1
DA:8,1
DA:19,1
LF:5
LH:5
BRF:0
BRH:0
end_of_record
TN:
SF:/Users/sunNode/WebstormProjects/e-commerce-platform/routes/admin.js
FN:20,(anonymous_1)
FN:26,(anonymous_2)
FN:69,(anonymous_3)
FN:74,(anonymous_4)
FN:78,(anonymous_5)
FN:86,(anonymous_6)
FN:89,(anonymous_7)
FN:93,(anonymous_8)
FN:117,(anonymous_9)
FN:124,md5
FN:129,(anonymous_11)
FN:131,(anonymous_12)
FN:138,(anonymous_13)
FN:141,(anonymous_14)
FN:146,(anonymous_15)
FN:154,(anonymous_16)
FN:155,(anonymous_17)
FN:172,(anonymous_18)
FNF:18
FNH:4
FNDA:0,(anonymous_1)
FNDA:0,(anonymous_2)
FNDA:1,(anonymous_3)
FNDA:1,(anonymous_4)
FNDA:0,(anonymous_5)
FNDA:0,(anonymous_6)
FNDA:2,(anonymous_7)
FNDA:2,(anonymous_8)
FNDA:0,(anonymous_9)
FNDA:0,md5
FNDA:0,(anonymous_11)
FNDA:0,(anonymous_12)
FNDA:0,(anonymous_13)
FNDA:0,(anonymous_14)
FNDA:0,(anonymous_15)
FNDA:0,(anonymous_16)
FNDA:0,(anonymous_17)
FNDA:0,(anonymous_18)
DA:4,1
DA:5,1
DA:6,1
DA:7,1
DA:8,1
DA:9,1
DA:10,1
DA:11,1
DA:12,1
DA:13,1
DA:15,1
DA:16,1
DA:20,1
DA:21,0
DA:22,0
DA:23,0
DA:24,0
DA:25,0
DA:26,0
DA:28,0
DA:29,0
DA:30,0
DA:31,0
DA:34,0
DA:35,0
DA:37,0
DA:38,0
DA:40,0
DA:41,0
DA:43,0
DA:44,0
DA:46,0
DA:47,0
DA:50,0
DA:51,0
DA:52,0
DA:53,0
DA:56,0
DA:57,0
DA:58,0
DA:59,0
DA:60,0
DA:61,0
DA:62,0
DA:65,0
DA:69,1
DA:70,1
DA:74,1
DA:75,1
DA:78,1
DA:79,0
DA:80,0
DA:82,0
DA:86,1
DA:87,0
DA:89,1
DA:92,2
DA:93,2
DA:94,2
DA:95,0
DA:98,2
DA:99,1
DA:100,1
DA:101,1
DA:103,1
DA:109,1
DA:117,1
DA:118,0
DA:120,0
DA:121,0
DA:124,1
DA:125,0
DA:129,1
DA:130,0
DA:132,0
DA:133,0
DA:135,0
DA:136,0
DA:137,0
DA:138,0
DA:139,0
DA:141,0
DA:142,0
DA:144,0
DA:146,0
DA:147,0
DA:150,0
DA:152,0
DA:154,0
DA:155,0
DA:156,0
DA:157,0
DA:159,0
DA:164,0
DA:172,0
DA:173,0
DA:179,0
DA:184,0
DA:189,1
LF:99
LH:33
BRDA:28,1,0,0
BRDA:28,1,1,0
BRDA:35,2,0,0
BRDA:35,2,1,0
BRDA:35,2,2,0
BRDA:35,2,3,0
BRDA:50,3,0,0
BRDA:50,3,1,0
BRDA:79,4,0,0
BRDA:79,4,1,0
BRDA:94,5,0,0
BRDA:94,5,1,2
BRDA:98,6,0,1
BRDA:98,6,1,1
BRDA:132,7,0,0
BRDA:132,7,1,0
BRDA:156,8,0,0
BRDA:156,8,1,0
BRF:18
BRH:3
end_of_record
TN:
SF:/Users/sunNode/WebstormProjects/e-commerce-platform/Mocha/test.js
FN:9,(anonymous_1)
FN:10,(anonymous_2)
FNF:2
FNH:2
FNDA:1,(anonymous_1)
FNDA:1,(anonymous_2)
DA:5,1
DA:6,1
DA:9,1
DA:10,1
DA:11,1
LF:5
LH:5
BRF:0
BRH:0
end_of_record
